app/build/intermediates/manifest_merge_blame_file/debug/manifest-merger-blame-debug-report.txt
1<?xml version="1.0" encoding="utf-8"?>
2<manifest xmlns:android="http://schemas.android.com/apk/res/android"
3    package="com.github.greatwing"
4    android:versionCode="1"
5    android:versionName="1.0" >
6
7    <uses-sdk
8        android:minSdkVersion="19"
8-->src/main/AndroidManifest.xml
9        android:targetSdkVersion="28" />
9-->src/main/AndroidManifest.xml
10
11    <uses-permission android:name="android.permission.INTERNET" />
11-->src/main/AndroidManifest.xml:28:5-66
11-->src/main/AndroidManifest.xml:28:22-64
12    <uses-permission android:name="android.permission.WRITE_EXTERNAL_STORAGE" />
12-->src/main/AndroidManifest.xml:29:5-80
12-->src/main/AndroidManifest.xml:29:22-78
13    <uses-permission android:name="android.permission.READ_EXTERNAL_STORAGE" />
13-->src/main/AndroidManifest.xml:30:5-79
13-->src/main/AndroidManifest.xml:30:22-77
14    <uses-permission android:name="android.permission.ACCESS_WIFI_STATE" />
14-->src/main/AndroidManifest.xml:31:5-75
14-->src/main/AndroidManifest.xml:31:22-73
15    <uses-permission android:name="android.permission.ACCESS_NETWORK_STATE" />
15-->src/main/AndroidManifest.xml:32:5-78
15-->src/main/AndroidManifest.xml:32:22-76
16
17    <application
17-->src/main/AndroidManifest.xml:5:5-26:19
18        android:name="com.github.greatwing.App"
18-->src/main/AndroidManifest.xml:6:13-32
19        android:allowBackup="true"
19-->src/main/AndroidManifest.xml:10:13-39
20        android:appComponentFactory="androidx.core.app.CoreComponentFactory"
20-->[androidx.core:core:1.0.0] AndroidManifest.xml:22:18-86
21        android:debuggable="true"
22        android:hardwareAccelerated="true"
22-->src/main/AndroidManifest.xml:7:13-47
23        android:icon="@mipmap/ic_launcher"
23-->src/main/AndroidManifest.xml:11:13-47
24        android:label="@string/app_name"
24-->src/main/AndroidManifest.xml:12:13-45
25        android:largeHeap="true"
25-->src/main/AndroidManifest.xml:8:13-37
26        android:roundIcon="@mipmap/ic_launcher_round"
26-->src/main/AndroidManifest.xml:13:13-58
27        android:testOnly="true"
28        android:theme="@android:style/Theme.NoTitleBar.Fullscreen"
28-->src/main/AndroidManifest.xml:14:13-71
29        android:usesCleartextTraffic="true" >
29-->src/main/AndroidManifest.xml:9:13-48
30        <activity
30-->src/main/AndroidManifest.xml:15:9-25:20
31            android:name="com.github.greatwing.MainActivity"
31-->src/main/AndroidManifest.xml:16:17-45
32            android:configChanges="keyboard|keyboardHidden|orientation|screenLayout|uiMode|screenSize|smallestScreenSize"
32-->src/main/AndroidManifest.xml:17:17-126
33            android:label="@string/app_name"
33-->src/main/AndroidManifest.xml:18:17-49
34            android:theme="@style/AppTheme.NoActionBar" >
34-->src/main/AndroidManifest.xml:19:17-60
35            <intent-filter>
35-->src/main/AndroidManifest.xml:20:13-24:29
36                <action android:name="android.intent.action.MAIN" />
36-->src/main/AndroidManifest.xml:21:17-68
36-->src/main/AndroidManifest.xml:21:25-66
37
38                <category android:name="android.intent.category.LAUNCHER" />
38-->src/main/AndroidManifest.xml:23:17-76
38-->src/main/AndroidManifest.xml:23:27-74
39            </intent-filter>
40        </activity>
41    </application>
42
43</manifest>